<?xml version="1.0" encoding="UTF-8"?>
<testsuite xmlns:xsi="http://www.w3.org/2001/XMLSchema-instance" xsi:noNamespaceSchemaLocation="https://maven.apache.org/surefire/maven-surefire-plugin/xsd/surefire-test-report-3.0.xsd" version="3.0" name="com.hrms.runners.SmokeRunner" time="0.136" tests="1" errors="1" skipped="0" failures="0">
  <properties>
    <property name="java.specification.version" value="13"/>
    <property name="sun.cpu.isalist" value="amd64"/>
    <property name="sun.jnu.encoding" value="Cp1252"/>
    <property name="java.class.path" value="C:\Users\16824\eclipse-workspace2\HRMSCUCUMBER\target\test-classes;C:\Users\16824\eclipse-workspace2\HRMSCUCUMBER\target\classes;C:\Users\16824\.m2\repository\org\seleniumhq\selenium\selenium-java\3.141.59\selenium-java-3.141.59.jar;C:\Users\16824\.m2\repository\org\seleniumhq\selenium\selenium-api\3.141.59\selenium-api-3.141.59.jar;C:\Users\16824\.m2\repository\org\seleniumhq\selenium\selenium-chrome-driver\3.141.59\selenium-chrome-driver-3.141.59.jar;C:\Users\16824\.m2\repository\org\seleniumhq\selenium\selenium-edge-driver\3.141.59\selenium-edge-driver-3.141.59.jar;C:\Users\16824\.m2\repository\org\seleniumhq\selenium\selenium-firefox-driver\3.141.59\selenium-firefox-driver-3.141.59.jar;C:\Users\16824\.m2\repository\org\seleniumhq\selenium\selenium-ie-driver\3.141.59\selenium-ie-driver-3.141.59.jar;C:\Users\16824\.m2\repository\org\seleniumhq\selenium\selenium-opera-driver\3.141.59\selenium-opera-driver-3.141.59.jar;C:\Users\16824\.m2\repository\org\seleniumhq\selenium\selenium-remote-driver\3.141.59\selenium-remote-driver-3.141.59.jar;C:\Users\16824\.m2\repository\org\seleniumhq\selenium\selenium-safari-driver\3.141.59\selenium-safari-driver-3.141.59.jar;C:\Users\16824\.m2\repository\org\seleniumhq\selenium\selenium-support\3.141.59\selenium-support-3.141.59.jar;C:\Users\16824\.m2\repository\net\bytebuddy\byte-buddy\1.8.15\byte-buddy-1.8.15.jar;C:\Users\16824\.m2\repository\org\apache\commons\commons-exec\1.3\commons-exec-1.3.jar;C:\Users\16824\.m2\repository\com\google\guava\guava\25.0-jre\guava-25.0-jre.jar;C:\Users\16824\.m2\repository\com\google\code\findbugs\jsr305\1.3.9\jsr305-1.3.9.jar;C:\Users\16824\.m2\repository\org\checkerframework\checker-compat-qual\2.0.0\checker-compat-qual-2.0.0.jar;C:\Users\16824\.m2\repository\com\google\errorprone\error_prone_annotations\2.1.3\error_prone_annotations-2.1.3.jar;C:\Users\16824\.m2\repository\com\google\j2objc\j2objc-annotations\1.1\j2objc-annotations-1.1.jar;C:\Users\16824\.m2\repository\org\codehaus\mojo\animal-sniffer-annotations\1.14\animal-sniffer-annotations-1.14.jar;C:\Users\16824\.m2\repository\com\squareup\okhttp3\okhttp\3.11.0\okhttp-3.11.0.jar;C:\Users\16824\.m2\repository\com\squareup\okio\okio\1.14.0\okio-1.14.0.jar;C:\Users\16824\.m2\repository\commons-io\commons-io\2.6\commons-io-2.6.jar;C:\Users\16824\.m2\repository\org\apache\poi\poi-ooxml\4.1.2\poi-ooxml-4.1.2.jar;C:\Users\16824\.m2\repository\org\apache\poi\poi\4.1.2\poi-4.1.2.jar;C:\Users\16824\.m2\repository\commons-codec\commons-codec\1.13\commons-codec-1.13.jar;C:\Users\16824\.m2\repository\org\apache\commons\commons-collections4\4.4\commons-collections4-4.4.jar;C:\Users\16824\.m2\repository\org\apache\commons\commons-math3\3.6.1\commons-math3-3.6.1.jar;C:\Users\16824\.m2\repository\com\zaxxer\SparseBitSet\1.2\SparseBitSet-1.2.jar;C:\Users\16824\.m2\repository\org\apache\poi\poi-ooxml-schemas\4.1.2\poi-ooxml-schemas-4.1.2.jar;C:\Users\16824\.m2\repository\org\apache\xmlbeans\xmlbeans\3.1.0\xmlbeans-3.1.0.jar;C:\Users\16824\.m2\repository\org\apache\commons\commons-compress\1.19\commons-compress-1.19.jar;C:\Users\16824\.m2\repository\com\github\virtuald\curvesapi\1.06\curvesapi-1.06.jar;C:\Users\16824\.m2\repository\io\cucumber\cucumber-java\5.7.0\cucumber-java-5.7.0.jar;C:\Users\16824\.m2\repository\io\cucumber\cucumber-core\5.7.0\cucumber-core-5.7.0.jar;C:\Users\16824\.m2\repository\io\cucumber\cucumber-gherkin\5.7.0\cucumber-gherkin-5.7.0.jar;C:\Users\16824\.m2\repository\io\cucumber\cucumber-gherkin-vintage\5.7.0\cucumber-gherkin-vintage-5.7.0.jar;C:\Users\16824\.m2\repository\io\cucumber\tag-expressions\2.0.4\tag-expressions-2.0.4.jar;C:\Users\16824\.m2\repository\io\cucumber\cucumber-expressions\8.3.1\cucumber-expressions-8.3.1.jar;C:\Users\16824\.m2\repository\io\cucumber\datatable\3.3.1\datatable-3.3.1.jar;C:\Users\16824\.m2\repository\io\cucumber\cucumber-plugin\5.7.0\cucumber-plugin-5.7.0.jar;C:\Users\16824\.m2\repository\io\cucumber\docstring\5.7.0\docstring-5.7.0.jar;C:\Users\16824\.m2\repository\org\apiguardian\apiguardian-api\1.1.0\apiguardian-api-1.1.0.jar;C:\Users\16824\.m2\repository\io\cucumber\cucumber-junit\5.7.0\cucumber-junit-5.7.0.jar;C:\Users\16824\.m2\repository\junit\junit\4.13\junit-4.13.jar;C:\Users\16824\.m2\repository\org\hamcrest\hamcrest-core\1.3\hamcrest-core-1.3.jar;C:\Users\16824\.m2\repository\io\github\bonigarcia\webdrivermanager\3.8.1\webdrivermanager-3.8.1.jar;C:\Users\16824\.m2\repository\org\slf4j\slf4j-api\1.7.25\slf4j-api-1.7.25.jar;C:\Users\16824\.m2\repository\com\google\code\gson\gson\2.8.5\gson-2.8.5.jar;C:\Users\16824\.m2\repository\org\apache\commons\commons-lang3\3.8.1\commons-lang3-3.8.1.jar;C:\Users\16824\.m2\repository\org\apache\httpcomponents\httpclient\4.5.6\httpclient-4.5.6.jar;C:\Users\16824\.m2\repository\org\apache\httpcomponents\httpcore\4.4.10\httpcore-4.4.10.jar;C:\Users\16824\.m2\repository\commons-logging\commons-logging\1.2\commons-logging-1.2.jar;C:\Users\16824\.m2\repository\org\rauschig\jarchivelib\1.0.0\jarchivelib-1.0.0.jar;C:\Users\16824\.m2\repository\org\jsoup\jsoup\1.11.3\jsoup-1.11.3.jar;"/>
    <property name="java.vm.vendor" value="Oracle Corporation"/>
    <property name="sun.arch.data.model" value="64"/>
    <property name="user.variant" value=""/>
    <property name="java.vendor.url" value="https://java.oracle.com/"/>
    <property name="user.timezone" value="America/Denver"/>
    <property name="os.name" value="Windows 10"/>
    <property name="java.vm.specification.version" value="13"/>
    <property name="sun.java.launcher" value="SUN_STANDARD"/>
    <property name="user.country" value="US"/>
    <property name="sun.boot.library.path" value="C:\Program Files\Java\jdk\bin"/>
    <property name="sun.java.command" value="C:\Users\16824\AppData\Local\Temp\surefire4352980886381902246\surefirebooter3165168710479060912.jar C:\Users\16824\AppData\Local\Temp\surefire4352980886381902246 2020-06-13T09-00-39_936-jvmRun1 surefire2974548262202555639tmp surefire_016368414254600000973tmp"/>
    <property name="jdk.debug" value="release"/>
    <property name="surefire.test.class.path" value="C:\Users\16824\eclipse-workspace2\HRMSCUCUMBER\target\test-classes;C:\Users\16824\eclipse-workspace2\HRMSCUCUMBER\target\classes;C:\Users\16824\.m2\repository\org\seleniumhq\selenium\selenium-java\3.141.59\selenium-java-3.141.59.jar;C:\Users\16824\.m2\repository\org\seleniumhq\selenium\selenium-api\3.141.59\selenium-api-3.141.59.jar;C:\Users\16824\.m2\repository\org\seleniumhq\selenium\selenium-chrome-driver\3.141.59\selenium-chrome-driver-3.141.59.jar;C:\Users\16824\.m2\repository\org\seleniumhq\selenium\selenium-edge-driver\3.141.59\selenium-edge-driver-3.141.59.jar;C:\Users\16824\.m2\repository\org\seleniumhq\selenium\selenium-firefox-driver\3.141.59\selenium-firefox-driver-3.141.59.jar;C:\Users\16824\.m2\repository\org\seleniumhq\selenium\selenium-ie-driver\3.141.59\selenium-ie-driver-3.141.59.jar;C:\Users\16824\.m2\repository\org\seleniumhq\selenium\selenium-opera-driver\3.141.59\selenium-opera-driver-3.141.59.jar;C:\Users\16824\.m2\repository\org\seleniumhq\selenium\selenium-remote-driver\3.141.59\selenium-remote-driver-3.141.59.jar;C:\Users\16824\.m2\repository\org\seleniumhq\selenium\selenium-safari-driver\3.141.59\selenium-safari-driver-3.141.59.jar;C:\Users\16824\.m2\repository\org\seleniumhq\selenium\selenium-support\3.141.59\selenium-support-3.141.59.jar;C:\Users\16824\.m2\repository\net\bytebuddy\byte-buddy\1.8.15\byte-buddy-1.8.15.jar;C:\Users\16824\.m2\repository\org\apache\commons\commons-exec\1.3\commons-exec-1.3.jar;C:\Users\16824\.m2\repository\com\google\guava\guava\25.0-jre\guava-25.0-jre.jar;C:\Users\16824\.m2\repository\com\google\code\findbugs\jsr305\1.3.9\jsr305-1.3.9.jar;C:\Users\16824\.m2\repository\org\checkerframework\checker-compat-qual\2.0.0\checker-compat-qual-2.0.0.jar;C:\Users\16824\.m2\repository\com\google\errorprone\error_prone_annotations\2.1.3\error_prone_annotations-2.1.3.jar;C:\Users\16824\.m2\repository\com\google\j2objc\j2objc-annotations\1.1\j2objc-annotations-1.1.jar;C:\Users\16824\.m2\repository\org\codehaus\mojo\animal-sniffer-annotations\1.14\animal-sniffer-annotations-1.14.jar;C:\Users\16824\.m2\repository\com\squareup\okhttp3\okhttp\3.11.0\okhttp-3.11.0.jar;C:\Users\16824\.m2\repository\com\squareup\okio\okio\1.14.0\okio-1.14.0.jar;C:\Users\16824\.m2\repository\commons-io\commons-io\2.6\commons-io-2.6.jar;C:\Users\16824\.m2\repository\org\apache\poi\poi-ooxml\4.1.2\poi-ooxml-4.1.2.jar;C:\Users\16824\.m2\repository\org\apache\poi\poi\4.1.2\poi-4.1.2.jar;C:\Users\16824\.m2\repository\commons-codec\commons-codec\1.13\commons-codec-1.13.jar;C:\Users\16824\.m2\repository\org\apache\commons\commons-collections4\4.4\commons-collections4-4.4.jar;C:\Users\16824\.m2\repository\org\apache\commons\commons-math3\3.6.1\commons-math3-3.6.1.jar;C:\Users\16824\.m2\repository\com\zaxxer\SparseBitSet\1.2\SparseBitSet-1.2.jar;C:\Users\16824\.m2\repository\org\apache\poi\poi-ooxml-schemas\4.1.2\poi-ooxml-schemas-4.1.2.jar;C:\Users\16824\.m2\repository\org\apache\xmlbeans\xmlbeans\3.1.0\xmlbeans-3.1.0.jar;C:\Users\16824\.m2\repository\org\apache\commons\commons-compress\1.19\commons-compress-1.19.jar;C:\Users\16824\.m2\repository\com\github\virtuald\curvesapi\1.06\curvesapi-1.06.jar;C:\Users\16824\.m2\repository\io\cucumber\cucumber-java\5.7.0\cucumber-java-5.7.0.jar;C:\Users\16824\.m2\repository\io\cucumber\cucumber-core\5.7.0\cucumber-core-5.7.0.jar;C:\Users\16824\.m2\repository\io\cucumber\cucumber-gherkin\5.7.0\cucumber-gherkin-5.7.0.jar;C:\Users\16824\.m2\repository\io\cucumber\cucumber-gherkin-vintage\5.7.0\cucumber-gherkin-vintage-5.7.0.jar;C:\Users\16824\.m2\repository\io\cucumber\tag-expressions\2.0.4\tag-expressions-2.0.4.jar;C:\Users\16824\.m2\repository\io\cucumber\cucumber-expressions\8.3.1\cucumber-expressions-8.3.1.jar;C:\Users\16824\.m2\repository\io\cucumber\datatable\3.3.1\datatable-3.3.1.jar;C:\Users\16824\.m2\repository\io\cucumber\cucumber-plugin\5.7.0\cucumber-plugin-5.7.0.jar;C:\Users\16824\.m2\repository\io\cucumber\docstring\5.7.0\docstring-5.7.0.jar;C:\Users\16824\.m2\repository\org\apiguardian\apiguardian-api\1.1.0\apiguardian-api-1.1.0.jar;C:\Users\16824\.m2\repository\io\cucumber\cucumber-junit\5.7.0\cucumber-junit-5.7.0.jar;C:\Users\16824\.m2\repository\junit\junit\4.13\junit-4.13.jar;C:\Users\16824\.m2\repository\org\hamcrest\hamcrest-core\1.3\hamcrest-core-1.3.jar;C:\Users\16824\.m2\repository\io\github\bonigarcia\webdrivermanager\3.8.1\webdrivermanager-3.8.1.jar;C:\Users\16824\.m2\repository\org\slf4j\slf4j-api\1.7.25\slf4j-api-1.7.25.jar;C:\Users\16824\.m2\repository\com\google\code\gson\gson\2.8.5\gson-2.8.5.jar;C:\Users\16824\.m2\repository\org\apache\commons\commons-lang3\3.8.1\commons-lang3-3.8.1.jar;C:\Users\16824\.m2\repository\org\apache\httpcomponents\httpclient\4.5.6\httpclient-4.5.6.jar;C:\Users\16824\.m2\repository\org\apache\httpcomponents\httpcore\4.4.10\httpcore-4.4.10.jar;C:\Users\16824\.m2\repository\commons-logging\commons-logging\1.2\commons-logging-1.2.jar;C:\Users\16824\.m2\repository\org\rauschig\jarchivelib\1.0.0\jarchivelib-1.0.0.jar;C:\Users\16824\.m2\repository\org\jsoup\jsoup\1.11.3\jsoup-1.11.3.jar;"/>
    <property name="sun.cpu.endian" value="little"/>
    <property name="user.home" value="C:\Users\16824"/>
    <property name="user.language" value="en"/>
    <property name="java.specification.vendor" value="Oracle Corporation"/>
    <property name="java.version.date" value="2020-01-14"/>
    <property name="java.home" value="C:\Program Files\Java\jdk"/>
    <property name="file.separator" value="\"/>
    <property name="basedir" value="C:\Users\16824\eclipse-workspace2\HRMSCUCUMBER"/>
    <property name="java.vm.compressedOopsMode" value="32-bit"/>
    <property name="line.separator" value="&#10;"/>
    <property name="java.vm.specification.vendor" value="Oracle Corporation"/>
    <property name="java.specification.name" value="Java Platform API Specification"/>
    <property name="surefire.real.class.path" value="C:\Users\16824\AppData\Local\Temp\surefire4352980886381902246\surefirebooter3165168710479060912.jar"/>
    <property name="user.script" value=""/>
    <property name="sun.management.compiler" value="HotSpot 64-Bit Tiered Compilers"/>
    <property name="java.runtime.version" value="13.0.2+8"/>
    <property name="user.name" value="16824"/>
    <property name="path.separator" value=";"/>
    <property name="os.version" value="10.0"/>
    <property name="java.runtime.name" value="Java(TM) SE Runtime Environment"/>
    <property name="file.encoding" value="Cp1252"/>
    <property name="java.vm.name" value="Java HotSpot(TM) 64-Bit Server VM"/>
    <property name="localRepository" value="C:\Users\16824\.m2\repository"/>
    <property name="cucumber.options" value="--tags @deneme&#10;mvn test -Dcucumber.options=--tags@deneme"/>
    <property name="java.vendor.url.bug" value="https://bugreport.java.com/bugreport/"/>
    <property name="java.io.tmpdir" value="C:\Users\16824\AppData\Local\Temp\"/>
    <property name="java.version" value="13.0.2"/>
    <property name="user.dir" value="C:\Users\16824\eclipse-workspace2\HRMSCUCUMBER"/>
    <property name="os.arch" value="amd64"/>
    <property name="java.vm.specification.name" value="Java Virtual Machine Specification"/>
    <property name="sun.os.patch.level" value=""/>
    <property name="java.library.path" value="C:\Program Files\Java\jdk\bin;C:\Windows\Sun\Java\bin;C:\Windows\system32;C:\Windows;C:\Users\16824\bin;C:\Program Files\Git\mingw64\bin;C:\Program Files\Git\usr\local\bin;C:\Program Files\Git\usr\bin;C:\Program Files\Git\usr\bin;C:\Program Files\Git\mingw64\bin;C:\Program Files\Git\usr\bin;C:\Users\16824\bin;C:\Program Files (x86)\Common Files\Oracle\Java\javapath;C:\Windows\system32;C:\Windows;C:\Windows\System32\Wbem;C:\Windows\System32\WindowsPowerShell\v1.0;C:\Windows\System32\OpenSSH;C:\Program Files\Java\jdk1.8.0_241\bin;C:\Program Files\Git\cmd;C:\Program Files\Java\jdk1.8.0_251\bin;;."/>
    <property name="java.vm.info" value="mixed mode, sharing"/>
    <property name="java.vendor" value="Oracle Corporation"/>
    <property name="java.vm.version" value="13.0.2+8"/>
    <property name="sun.io.unicode.encoding" value="UnicodeLittle"/>
    <property name="java.class.version" value="57.0"/>
  </properties>
  <testcase name="initializationError" classname="com.hrms.runners.SmokeRunner" time="0.002">
    <error message="Unknown option: -Dcucumber.options=--tags@deneme" type="io.cucumber.core.exception.CucumberException"><![CDATA[io.cucumber.core.exception.CucumberException: Unknown option: -Dcucumber.options=--tags@deneme
]]></error>
    <system-out><![CDATA[Usage: java io.cucumber.core.cli.Main [options] [ [DIR|DIR URI] | [ [FILE|FILE URI][:LINE]* ] | @[FILE|FILE URI] ]+

Options:

      --threads COUNT                      Number of threads to run tests under.
                                           Defaults to 1.

  -g, --glue PATH                          Package to load glue code (step
                                           definitions, hooks and plugins) from
                                           e.g: com.example.app. When not
                                           provided Cucumber will search the
                                           classpath.

  -p, --[add-]plugin PLUGIN[:PATH_OR_URL]  Register a plugin.
                                           Built-in formatter PLUGIN types:
                                           junit, html, pretty, progress, json,
                                           usage, rerun, testng. Built-in
                                           summary PLUGIN types:
                                           default_summary, null_summary,
                                           unused. PLUGIN can also be a fully
                                           qualified class name, allowing registration
                                           of 3rd party plugins.

                                           --add-plugin does not clobber plugins
                                           of that type defined from a different
                                           source.

  -t, --tags TAG_EXPRESSION                Only run scenarios tagged with tags
                                           matching TAG_EXPRESSION.

  -n, --name REGEXP                        Only run scenarios whose names match
                                           REGEXP.

  -d, --[no-]dry-run                       Skip execution of glue code.

  -m, --[no-]monochrome                    Don't colour terminal output.

  -s, --[no-]strict                        Treat undefined and pending steps as
                                           errors.

      --snippets [underscore|camelcase]    Naming convention for generated
                                           snippets. Defaults to underscore.

  -v, --version                            Print version.

  -h, --help                               You're looking at it.

      --i18n LANG                          List keywords for in a particular
                                           language
                                           Run with "--i18n help" to see all
                                           languages

  -w, --wip                                Fail if there are any passing
                                           scenarios.
  
    
      --order                              Run the scenarios in a different
                                           order. The options are 'reverse' and
                                           'random'. In case of 'random' order
                                           an optional seed parameter can be
                                           added 'random:<seed>'.

      --count                              Number of scenarios to be executed.
                                           If not specified all scenarios are run.

      --object-factory CLASSNAME           Uses the class specified by CLASSNAME
                                           as object factory. Be aware that the
                                           class is loaded through a service
                                           loader and therefore also needs to
                                           be specified in:
                                           META-INF/services/io.cucumber.core.backend.ObjectFactory

Feature path examples:
                                           When no feature path is provided
                                           cucumber will scan the classpath root
                                           and its sub directories.

  <path>                                   Load the files with the extension
                                           ".feature" for the directory <path>
                                           and its sub directories.

  <path>/<name>.feature                    Load the feature file
                                           <path>/<name>.feature from the file
                                           system.

  classpath:<path>/<name>.feature          Load the feature file
                                           <path>/<name>.feature from the
                                           classpath.

  <path>/<name>.feature:3:9                Load the scenarios on line 3 and line
                                           9 in the file <path>/<name>.feature.

  @<path>/<file>                           Load <path>/<file> from the file
                                           system and parse feature paths
                                           generated by the rerun formatter.


Properties, Environment variables and System properties:

Cucumber will in order of precedence parse properties from system properties,
environment variables and the `cucumber.properties` file.

Note that options provided by `@CucumberOptions` takes precedence over the
properties file and CLI arguments take precedence over all.

Supported properties are:

```
cucumber.ansi-colors.disabled=  # true or false. default: false
cucumber.execution.dry-run=     # true or false. default: false
cucumber.execution.limit=       # number of scenarios to execute (CLI only).
cucumber.execution.order=       # lexical, reverse, random or random:[seed] (CLI only). default: lexical
cucumber.execution.strict=      # true or false. default: false.
cucumber.execution.wip=         # true or false. default: false.
cucumber.features=              # command separated paths to feature files. example: path/to/example.feature, path/to/other.feature
cucumber.filter.name=           # regex. example: .*Hello.*
cucumber.filter.tags=           # tag expression. example: @smoke and not @slow
cucumber.glue=                  # comma separated package names. example: com.example.glue
cucumber.plugin=                # comma separated plugin strings. example: pretty, json:path/to/report.json
cucumber.object-factory=        # object factory class name. example: com.example.MyObjectFactory
cucumber.snippet-type=          # underscore or camelcase. default: underscore
```

Each property also has an `UPPER_CASE` and `snake_case` variant. For example
`cucumber.ansi-colors.disabled` would also be understood as
`CUCUMBER_ANSI_COLORS_DISABLED` and `cucumber_ansi_colors_disabled`.
]]></system-out>
  </testcase>
</testsuite>